<?xml version="1.0" encoding="UTF-8"?>
<!-- Generated by org.testng.reporters.JUnitXMLReporter -->
<testsuite hostname="DESKTOP-7T2Q2P4" ignored="0" name="Default test" tests="5" failures="0" timestamp="07 Jan 2018 12:39:45 GMT" time="11.843" errors="0">
  <testcase name="addNewCategory" time="0.078" classname="org.arpit.java2blog.test.CategoryServiceTest"/>
  <testcase name="deleteAuthor" time="0.036" classname="org.arpit.java2blog.test.CategoryServiceTest"/>
  <testcase name="getAllCategory" time="0.106" classname="org.arpit.java2blog.test.CategoryServiceTest"/>
  <testcase name="getCategoryById" time="0.016" classname="org.arpit.java2blog.test.CategoryServiceTest"/>
  <testcase name="updateCategory" time="0.02" classname="org.arpit.java2blog.test.CategoryServiceTest"/>
</testsuite> <!-- Default test -->
